<?xml version="1.0" encoding="UTF-8"?>
<!-- Generated by org.testng.reporters.JUnitXMLReporter -->
<testsuite ignored="0" hostname="DESKTOP-ONVTQR1" failures="0" tests="6" name="Test" time="56.082" errors="0" timestamp="2023-07-19T03:44:00 IST">
  <testcase classname="hack2skill_assignment_testcases.brokenImages" name="Validate_First_Image_link_with_statusCode" time="5.419"/>
  <testcase classname="hack2skill_assignment_testcases.brokenImages" name="Validate_Forth_Image_link_with_statusCode" time="0.86"/>
  <testcase classname="hack2skill_assignment_testcases.brokenImages" name="Validate_Second_Image_link_with_statusCode" time="0.805"/>
  <testcase classname="hack2skill_assignment_testcases.brokenImages" name="Validate_Third_Image_link_with_statusCode" time="0.734"/>
  <testcase classname="hack2skill_assignment_testcases.brokenImages" name="find_all_image_links" time="0.38"/>
  <testcase classname="hack2skill_assignment_testcases.uploadingAnyFile" name="uploading_any_file_by_robot_class" time="24.974"/>
</testsuite> <!-- Test -->
